<?xml version="1.0" encoding="UTF-8"?>
<!-- Generated by org.testng.reporters.JUnitReportReporter -->
<testsuite skipped="0" hostname="mypc-PC" name="MavenDemo1.MavenDemo1.Demo1" tests="1" failures="0" timestamp="23 Jul 2019 18:21:20 GMT" time="14.816" errors="0">
  <testcase name="openGoogleApp" time="14.816" classname="MavenDemo1.MavenDemo1.Demo1"/>
</testsuite> <!-- MavenDemo1.MavenDemo1.Demo1 -->
