<?xml version="1.0" encoding="UTF-8"?>
<!-- Generated by org.testng.reporters.JUnitReportReporter -->
<testsuite skipped="0" hostname="mypc-PC" name="MavenDemo1.MavenDemo1.Demo1" tests="1" failures="0" timestamp="27 Jul 2019 09:16:04 GMT" time="18.623" errors="0">
  <testcase name="openGoogleApp" time="18.623" classname="MavenDemo1.MavenDemo1.Demo1"/>
</testsuite> <!-- MavenDemo1.MavenDemo1.Demo1 -->
